{"failedCount":1,"prefixedPath":"src\/test\/java\/tests\/feature1\/FirstTestFeature1.feature","packageQualifiedName":"src.test.java.tests.feature1.FirstTestFeature1","loopIndex":-1,"relativePath":"src\/test\/java\/tests\/feature1\/FirstTestFeature1.feature","scenarioResults":[{"sectionIndex":4,"stepResults":[{"result":{"nanos":60879400,"millis":60.8794,"status":"passed"},"step":{"background":true,"line":3,"prefix":"*","index":0,"text":"url \"https:\/\/reqres.in\""}},{"result":{"nanos":836900,"millis":0.8369,"status":"passed"},"step":{"background":true,"line":4,"prefix":"*","index":1,"text":"header Accept = \"application\/json\""}},{"result":{"nanos":50101800,"errorMessage":"js failed:\n>>>>\n01: read(\"src\/test\/java\/tests\/src\/namaFileJSON.json\")\n<<<<\norg.graalvm.polyglot.PolyglotException: java.io.FileNotFoundException: D:\\Work\\Karate-API-Test\\src\\test\\java\\tests\\feature1\\src\\test\\java\\tests\\src\\namaFileJSON.json (The system cannot find the path specified)\n- com.intuit.karate.resource.FileResource.getStream(FileResource.java:98)\n- com.intuit.karate.core.ScenarioFileReader.readFileAsStream(ScenarioFileReader.java:99)\n- com.intuit.karate.core.ScenarioFileReader.readFileAsString(ScenarioFileReader.java:95)\n- com.intuit.karate.core.ScenarioFileReader.readFile(ScenarioFileReader.java:53)\n- com.intuit.karate.core.ScenarioEngine.lambda$new$0(ScenarioEngine.java:124)\n- <js>.:program(Unnamed:1)\n\nsrc\/test\/java\/tests\/feature1\/FirstTestFeature1.feature:5","millis":50.1018,"status":"failed"},"step":{"background":true,"line":5,"prefix":"*","index":2,"text":"def expectedOutput = read(\"src\/test\/java\/tests\/src\/namaFileJSON.json\")"},"stepLog":"22:03:03.041 src\/test\/java\/tests\/feature1\/FirstTestFeature1.feature:5\n* def expectedOutput = read(\"src\/test\/java\/tests\/src\/namaFileJSON.json\")\njs failed:\n>>>>\n01: read(\"src\/test\/java\/tests\/src\/namaFileJSON.json\")\n<<<<\norg.graalvm.polyglot.PolyglotException: java.io.FileNotFoundException: D:\\Work\\Karate-API-Test\\src\\test\\java\\tests\\feature1\\src\\test\\java\\tests\\src\\namaFileJSON.json (The system cannot find the path specified)\n- com.intuit.karate.resource.FileResource.getStream(FileResource.java:98)\n- com.intuit.karate.core.ScenarioFileReader.readFileAsStream(ScenarioFileReader.java:99)\n- com.intuit.karate.core.ScenarioFileReader.readFileAsString(ScenarioFileReader.java:95)\n- com.intuit.karate.core.ScenarioFileReader.readFile(ScenarioFileReader.java:53)\n- com.intuit.karate.core.ScenarioEngine.lambda$new$0(ScenarioEngine.java:124)\n- <js>.:program(Unnamed:1)\n\nsrc\/test\/java\/tests\/feature1\/FirstTestFeature1.feature:5\n"},{"result":{"nanos":0,"millis":0.0,"status":"skipped"},"step":{"line":57,"prefix":"Given","index":0,"text":"path \"\/api\/users\""}},{"result":{"nanos":0,"millis":0.0,"status":"skipped"},"step":{"line":58,"prefix":"And","index":1,"text":"request {\"name\": \"Hariyadi\",\"job\": \"QA Lead\"}"}},{"result":{"nanos":0,"millis":0.0,"status":"skipped"},"step":{"line":59,"prefix":"When","index":2,"text":"method Post"}},{"result":{"nanos":0,"millis":0.0,"status":"skipped"},"step":{"line":60,"prefix":"Then","index":3,"text":"status 201"}},{"result":{"nanos":0,"millis":0.0,"status":"skipped"},"step":{"line":61,"prefix":"And","index":4,"text":"print responseStatus"}},{"result":{"nanos":0,"millis":0.0,"status":"skipped"},"step":{"line":62,"prefix":"And","index":5,"text":"print responseTime"}},{"result":{"nanos":0,"millis":0.0,"status":"skipped"},"step":{"line":63,"prefix":"And","index":6,"text":"print responseHeaders"}},{"result":{"nanos":0,"millis":0.0,"status":"skipped"},"step":{"line":64,"prefix":"And","index":7,"text":"print response"}},{"result":{"nanos":0,"millis":0.0,"status":"skipped"},"step":{"line":65,"prefix":"And","index":8,"text":"print responseCookies"}},{"result":{"nanos":0,"millis":0.0,"status":"skipped"},"step":{"line":66,"prefix":"And","index":9,"text":"match response == expectedOutput"}}],"line":56,"description":"","durationMillis":111.8181,"failed":true,"error":"js failed:\n>>>>\n01: read(\"src\/test\/java\/tests\/src\/namaFileJSON.json\")\n<<<<\norg.graalvm.polyglot.PolyglotException: java.io.FileNotFoundException: D:\\Work\\Karate-API-Test\\src\\test\\java\\tests\\feature1\\src\\test\\java\\tests\\src\\namaFileJSON.json (The system cannot find the path specified)\n- com.intuit.karate.resource.FileResource.getStream(FileResource.java:98)\n- com.intuit.karate.core.ScenarioFileReader.readFileAsStream(ScenarioFileReader.java:99)\n- com.intuit.karate.core.ScenarioFileReader.readFileAsString(ScenarioFileReader.java:95)\n- com.intuit.karate.core.ScenarioFileReader.readFile(ScenarioFileReader.java:53)\n- com.intuit.karate.core.ScenarioEngine.lambda$new$0(ScenarioEngine.java:124)\n- <js>.:program(Unnamed:1)\n\nsrc\/test\/java\/tests\/feature1\/FirstTestFeature1.feature:5","executorName":"main","name":"Test a Post sample API 2","startTime":1628694182919,"refId":"[5:56]","endTime":1628694183041,"exampleIndex":-1}],"callDepth":0,"name":"Sample API Test","description":"","resultDate":"2021-08-11 10:03:03 PM","durationMillis":111.8181,"passedCount":0}